<?xml version="1.0" encoding="UTF-8"?>
<!-- Generated by org.testng.reporters.JUnitReportReporter -->
<testsuite hostname="KANINI-LTP-844" failures="0" tests="2" name="tests.LoginTest" time="24.290" errors="0" timestamp="2025-06-08T17:52:36 IST" skipped="0">
  <testcase classname="tests.LoginTest" name="TC_01_Login_WithValidCredentials_Should_NavigateTo_Appointment" time="16.004"/>
  <testcase classname="tests.LoginTest" name="TC_02_Login_WithInvalidCredentials_ShouldShowErrorMessage" time="8.286"/>
</testsuite> <!-- tests.LoginTest -->
