<?xml version="1.0" encoding="UTF-8"?>
<!-- Generated by org.testng.reporters.JUnitReportReporter -->
<testsuite hostname="KANINI-LTP-844" failures="0" tests="2" name="tests.Functional_Appointment_TC" time="13.973" errors="0" timestamp="2025-07-10T23:32:49 IST" skipped="0">
  <testcase classname="tests.Functional_Appointment_TC" name="TC00_VerifyLoginRedirectsToAppointmentPage" time="6.556"/>
  <testcase classname="tests.Functional_Appointment_TC" name="TC01_BookAppointment_ShouldShowConfirmation" time="7.417"/>
</testsuite> <!-- tests.Functional_Appointment_TC -->
