<?xml version="1.0" encoding="UTF-8"?>
<!-- Generated by org.testng.reporters.JUnitReportReporter -->
<testsuite hostname="KANINI-LTP-844" failures="0" tests="1" name="tests.LoginNegativeTest" time="5.916" errors="0" timestamp="2025-07-10T18:31:00 IST" skipped="0">
  <testcase classname="tests.LoginNegativeTest" name="TC_03_Login_WithInvalidCredentials_ShouldShowErrorMessage" time="5.916"/>
</testsuite> <!-- tests.LoginNegativeTest -->
