<?xml version="1.0" encoding="UTF-8"?>
<!-- Generated by org.testng.reporters.JUnitReportReporter -->
<testsuite hostname="KANINI-LTP-844" failures="0" tests="1" name="tests.DropdownValidationTest" time="6.410" errors="0" timestamp="2025-07-10T23:32:49 IST" skipped="0">
  <testcase classname="tests.DropdownValidationTest" name="TC_06_ValidateHealthcareCenterDropdownOptions" time="6.410"/>
</testsuite> <!-- tests.DropdownValidationTest -->
