<?xml version="1.0" encoding="UTF-8"?>
<!-- Generated by org.testng.reporters.JUnitReportReporter -->
<testsuite hostname="KANINI-LTP-844" failures="0" tests="1" name="tests.LogoutTest" time="7.769" errors="0" timestamp="2025-07-10T23:32:49 IST" skipped="0">
  <testcase classname="tests.LogoutTest" name="TC_04_Logout_ShouldRedirectToHomePage" time="7.769"/>
</testsuite> <!-- tests.LogoutTest -->
